2025-05-25T23:36:55 | touched: contracts/Compoundfinance.sol
2025-07-18T22:05:07 | touched: contracts/Compoundfinance.sol
2025-07-19T17:24:26 | touched: LICENSE
2025-08-10T08:12:10 | touched: LICENSE
2025-12-12T05:34:58 | touched: scripts/deploy.js
2025-08-10T12:59:01 | touched: README.md
2025-05-20T04:22:13 | touched: package.json
2025-11-23T23:52:27 | touched: LICENSE
2025-03-24T13:54:06 | touched: LICENSE
2025-06-06T05:52:04 | touched: contracts/Compoundfinance.sol
2025-12-22T06:17:29 | touched: .env.example
2025-09-18T20:41:12 | touched: README.md
2025-12-15T09:34:14 | touched: .env.example
2025-08-23T04:48:56 | touched: hardhat.config.js
2025-12-15T22:46:53 | touched: contracts/Compoundfinance.sol
2025-01-25T05:45:30 | touched: README.md
2025-12-20T15:18:51 | touched: test/Compoundfinance.test.js
2025-12-19T21:39:55 | touched: hardhat.config.js
2025-08-23T03:20:18 | touched: test/Compoundfinance.test.js
2025-08-27T01:48:25 | touched: .env.example
2025-07-20T19:15:37 | touched: README.md
2025-01-14T16:36:11 | touched: package.json
2025-02-08T17:07:26 | touched: package.json
2025-02-02T06:46:27 | touched: scripts/deploy.js
2025-09-18T08:14:35 | touched: LICENSE
2025-04-03T08:49:41 | touched: README.md
2025-07-07T17:24:33 | touched: .env.example
2025-03-13T17:13:50 | touched: package.json
2025-11-09T02:35:20 | touched: README.md
2025-10-25T00:49:55 | touched: test/Compoundfinance.test.js
2025-04-23T20:25:12 | touched: test/Compoundfinance.test.js
2025-02-11T16:43:04 | touched: test/Compoundfinance.test.js
2025-05-12T19:00:47 | touched: README.md
2025-10-13T15:21:27 | touched: package.json
2025-07-21T02:34:19 | touched: test/Compoundfinance.test.js
2026-01-04T05:07:27 | touched: package.json
2026-01-09T17:18:08 | touched: LICENSE
2025-09-09T22:45:37 | touched: scripts/deploy.js
